<?xml version="1.0" encoding="UTF-8"?>
<!-- Generated by org.testng.reporters.JUnitXMLReporter -->
<testsuite hostname="DESKTOP-IREDREU" ignored="0" name="Default test" tests="3" failures="0" timestamp="2020-04-21T01:51:36 BST" time="71.929" errors="0">
  <testcase name="runCukes" time="30.827" classname="cukes.grid.parallel.runners.ProductSearchRunnerTest"/>
  <testcase name="runCukes" time="14.303" classname="cukes.grid.parallel.runners.SearchOnChromeRunner"/>
  <testcase name="runCukes" time="26.76" classname="cukes.grid.parallel.runners.SearchRunnerTest"/>
</testsuite> <!-- Default test -->
