<?xml version="1.0" encoding="UTF-8"?>
<!-- Generated by org.testng.reporters.JUnitXMLReporter -->
<testsuite hostname="DESKTOP-IREDREU" ignored="0" name="Test" tests="3" failures="0" timestamp="2020-04-21T18:28:24 BST" time="67.63" errors="0">
  <testcase name="runCukes" time="48.905" classname="cukes.grid.parallel.runners.SearchRunnerTest"/>
  <testcase name="runCukes" time="50.209" classname="cukes.grid.parallel.runners.ProductSearchRunnerTest"/>
  <testcase name="runCukes" time="18.685" classname="cukes.grid.parallel.runners.SearchOnChromeRunner"/>
</testsuite> <!-- Test -->
