<?xml version="1.0" encoding="UTF-8"?>
<testng-results skipped="0" failed="0" ignored="0" total="3" passed="3">
  <reporter-output>
  </reporter-output>
  <suite name="Default suite" duration-ms="71929" started-at="2020-04-21T01:50:24 BST" finished-at="2020-04-21T01:51:36 BST">
    <groups>
    </groups>
    <test name="Default test" duration-ms="71929" started-at="2020-04-21T01:50:24 BST" finished-at="2020-04-21T01:51:36 BST">
      <class name="cukes.grid.parallel.runners.ProductSearchRunnerTest">
        <test-method status="PASS" signature="runCukes()[pri:0, instance:cukes.grid.parallel.runners.ProductSearchRunnerTest@6043cd28]" name="runCukes" duration-ms="30827" started-at="2020-04-21T01:50:24 BST" finished-at="2020-04-21T01:50:55 BST">
          <reporter-output>
          </reporter-output>
        </test-method> <!-- runCukes -->
      </class> <!-- cukes.grid.parallel.runners.ProductSearchRunnerTest -->
      <class name="cukes.grid.parallel.runners.SearchOnChromeRunner">
        <test-method status="PASS" signature="runCukes()[pri:0, instance:cukes.grid.parallel.runners.SearchOnChromeRunner@cb51256]" name="runCukes" duration-ms="14303" started-at="2020-04-21T01:50:55 BST" finished-at="2020-04-21T01:51:10 BST">
          <reporter-output>
          </reporter-output>
        </test-method> <!-- runCukes -->
      </class> <!-- cukes.grid.parallel.runners.SearchOnChromeRunner -->
      <class name="cukes.grid.parallel.runners.SearchRunnerTest">
        <test-method status="PASS" signature="runCukes()[pri:0, instance:cukes.grid.parallel.runners.SearchRunnerTest@59906517]" name="runCukes" duration-ms="26760" started-at="2020-04-21T01:51:10 BST" finished-at="2020-04-21T01:51:36 BST">
          <reporter-output>
          </reporter-output>
        </test-method> <!-- runCukes -->
      </class> <!-- cukes.grid.parallel.runners.SearchRunnerTest -->
    </test> <!-- Default test -->
  </suite> <!-- Default suite -->
</testng-results>
